INFO:root:Started
INFO:root:Finished
INFO:root:Started
INFO:root:Finished
INFO:root:Started
INFO:root:Finished
INFO:root:Started
INFO:root:Finished
INFO:root:Started
INFO:root:Finished
INFO:root:Started
INFO:root:Finished
INFO:root:Started
2024-02-20 02:24:17,046 Started
2024-02-20 02:24:17,051 {'ITEM_VALUE': 0.0, 'NAME': 'GREASE.FAM0101.HMI201_BATCH_BUF'}
2024-02-20 02:24:17,052 {'ITEM_VALUE': 0.0, 'NAME': 'GREASE.FAM0101.HMI201_ORDER_BUF'}
2024-02-20 02:24:17,055 {'ITEM_VALUE': 0.0, 'NAME': 'GREASE.FAM0101.HMI201_PROD_BUFF'}
2024-02-20 02:24:17,056 {'ITEM_VALUE': 0.0, 'NAME': 'GREASE.FAM0101.HMI201_FILL_BUF'}
2024-02-20 02:24:17,059 {'ITEM_VALUE': 0.0, 'NAME': 'GREASE.FAM0101.HMI201_OPER_BUFF'}
2024-02-20 02:24:17,062 {'ITEM_VALUE': 0.0, 'NAME': 'GREASE.FAM0101.TANK01_BATCH'}
2024-02-20 02:24:17,065 {'ITEM_VALUE': 0.0, 'NAME': 'GREASE.FAM0101.T010_TI12_GR'}
2024-02-20 02:25:17,688 START PROCESS NOW !!
2024-02-20 02:25:17,688 Finished
2024-02-20 02:25:17,688 Started
2024-02-20 02:25:17,691 {'ITEM_VALUE': 0.0, 'NAME': 'GREASE.FAM0101.HMI201_BATCH_BUF'}
2024-02-20 02:25:17,694 {'ITEM_VALUE': 0.0, 'NAME': 'GREASE.FAM0101.HMI201_ORDER_BUF'}
2024-02-20 02:25:17,697 {'ITEM_VALUE': 0.0, 'NAME': 'GREASE.FAM0101.HMI201_PROD_BUFF'}
2024-02-20 02:25:17,700 {'ITEM_VALUE': 0.0, 'NAME': 'GREASE.FAM0101.HMI201_FILL_BUF'}
2024-02-20 02:25:17,703 {'ITEM_VALUE': 0.0, 'NAME': 'GREASE.FAM0101.HMI201_OPER_BUFF'}
2024-02-20 02:25:17,704 {'ITEM_VALUE': 0.0, 'NAME': 'GREASE.FAM0101.TANK01_BATCH'}
2024-02-20 02:25:17,707 {'ITEM_VALUE': 0.0, 'NAME': 'GREASE.FAM0101.T010_TI12_GR'}
2024-07-03 18:40:36,388 Started
2024-07-03 18:40:36,394 {'ITEM_VALUE': 0.0, 'NAME': 'GREASE.FAM0101.HMI201_BATCH_BUF'}
2024-07-03 18:40:36,397 {'ITEM_VALUE': 0.0, 'NAME': 'GREASE.FAM0101.HMI201_ORDER_BUF'}
2024-07-03 18:40:36,398 {'ITEM_VALUE': 0.0, 'NAME': 'GREASE.FAM0101.HMI201_PROD_BUFF'}
2024-07-03 18:40:36,401 {'ITEM_VALUE': 0.0, 'NAME': 'GREASE.FAM0101.HMI201_FILL_BUF'}
2024-07-03 18:40:36,404 {'ITEM_VALUE': 0.0, 'NAME': 'GREASE.FAM0101.HMI201_OPER_BUFF'}
2024-07-03 18:40:36,405 {'ITEM_VALUE': 0.0, 'NAME': 'GREASE.FAM0101.TANK01_BATCH'}
2024-07-03 18:40:36,407 {'ITEM_VALUE': 0.0, 'NAME': 'GREASE.FAM0101.T010_TI12_GR'}
2024-07-03 18:41:07,943 Started
2024-07-03 18:41:07,946 {'ITEM_VALUE': 0.0, 'NAME': 'GREASE.FAM0101.HMI201_BATCH_BUF'}
2024-07-03 18:41:07,947 {'ITEM_VALUE': 0.0, 'NAME': 'GREASE.FAM0101.HMI201_ORDER_BUF'}
2024-07-03 18:41:07,950 {'ITEM_VALUE': 0.0, 'NAME': 'GREASE.FAM0101.HMI201_PROD_BUFF'}
2024-07-03 18:41:07,951 {'ITEM_VALUE': 0.0, 'NAME': 'GREASE.FAM0101.HMI201_FILL_BUF'}
2024-07-03 18:41:07,953 {'ITEM_VALUE': 0.0, 'NAME': 'GREASE.FAM0101.HMI201_OPER_BUFF'}
2024-07-03 18:41:07,956 {'ITEM_VALUE': 0.0, 'NAME': 'GREASE.FAM0101.TANK01_BATCH'}
2024-07-03 18:41:07,957 {'ITEM_VALUE': 0.0, 'NAME': 'GREASE.FAM0101.T010_TI12_GR'}
2024-07-03 18:41:14,680 Started
2024-07-03 18:41:14,684 {'ITEM_VALUE': 0.0, 'NAME': 'GREASE.FAM0101.HMI201_BATCH_BUF'}
2024-07-03 18:41:14,687 {'ITEM_VALUE': 0.0, 'NAME': 'GREASE.FAM0101.HMI201_ORDER_BUF'}
2024-07-03 18:41:14,688 {'ITEM_VALUE': 0.0, 'NAME': 'GREASE.FAM0101.HMI201_PROD_BUFF'}
2024-07-03 18:41:14,690 {'ITEM_VALUE': 0.0, 'NAME': 'GREASE.FAM0101.HMI201_FILL_BUF'}
2024-07-03 18:41:14,691 {'ITEM_VALUE': 0.0, 'NAME': 'GREASE.FAM0101.HMI201_OPER_BUFF'}
2024-07-03 18:41:14,694 {'ITEM_VALUE': 0.0, 'NAME': 'GREASE.FAM0101.TANK01_BATCH'}
2024-07-03 18:41:14,697 {'ITEM_VALUE': 0.0, 'NAME': 'GREASE.FAM0101.T010_TI12_GR'}
2024-07-03 18:41:14,868 Started
2024-07-03 18:41:14,871 {'ITEM_VALUE': 0.0, 'NAME': 'GREASE.FAM0101.HMI201_BATCH_BUF'}
2024-07-03 18:41:14,872 {'ITEM_VALUE': 0.0, 'NAME': 'GREASE.FAM0101.HMI201_ORDER_BUF'}
2024-07-03 18:41:14,875 {'ITEM_VALUE': 0.0, 'NAME': 'GREASE.FAM0101.HMI201_PROD_BUFF'}
2024-07-03 18:41:14,877 {'ITEM_VALUE': 0.0, 'NAME': 'GREASE.FAM0101.HMI201_FILL_BUF'}
2024-07-03 18:41:14,878 {'ITEM_VALUE': 0.0, 'NAME': 'GREASE.FAM0101.HMI201_OPER_BUFF'}
2024-07-03 18:41:14,881 {'ITEM_VALUE': 0.0, 'NAME': 'GREASE.FAM0101.TANK01_BATCH'}
2024-07-03 18:41:14,882 {'ITEM_VALUE': 0.0, 'NAME': 'GREASE.FAM0101.T010_TI12_GR'}
